c:\users\josep\source\repos\chessgame\chessgame\debug\chessgame.pch
c:\users\josep\source\repos\chessgame\chessgame\debug\vc141.pdb
c:\users\josep\source\repos\chessgame\chessgame\debug\vc141.idb
c:\users\josep\source\repos\chessgame\chessgame\debug\pch.obj
c:\users\josep\source\repos\chessgame\chessgame\debug\square.obj
c:\users\josep\source\repos\chessgame\chessgame\debug\rook.obj
c:\users\josep\source\repos\chessgame\chessgame\debug\queen.obj
c:\users\josep\source\repos\chessgame\chessgame\debug\piece.obj
c:\users\josep\source\repos\chessgame\chessgame\debug\pawn.obj
c:\users\josep\source\repos\chessgame\chessgame\debug\knight.obj
c:\users\josep\source\repos\chessgame\chessgame\debug\king.obj
c:\users\josep\source\repos\chessgame\chessgame\debug\chessgame.obj
c:\users\josep\source\repos\chessgame\chessgame\debug\board.obj
c:\users\josep\source\repos\chessgame\chessgame\debug\bishop.obj
c:\users\josep\source\repos\chessgame\chessgame\debug\main.obj
c:\users\josep\source\repos\chessgame\debug\chessgame.exe
c:\users\josep\source\repos\chessgame\debug\chessgame.ilk
c:\users\josep\source\repos\chessgame\debug\chessgame.pdb
c:\users\josep\source\repos\chessgame\chessgame\debug\chessgame.tlog\cl.command.1.tlog
c:\users\josep\source\repos\chessgame\chessgame\debug\chessgame.tlog\cl.read.1.tlog
c:\users\josep\source\repos\chessgame\chessgame\debug\chessgame.tlog\cl.write.1.tlog
c:\users\josep\source\repos\chessgame\chessgame\debug\chessgame.tlog\link.command.1.tlog
c:\users\josep\source\repos\chessgame\chessgame\debug\chessgame.tlog\link.read.1.tlog
c:\users\josep\source\repos\chessgame\chessgame\debug\chessgame.tlog\link.write.1.tlog
